AutoDock Vina v1.2.7
#################################################################
# If you used AutoDock Vina in your work, please cite:          #
#                                                               #
# J. Eberhardt, D. Santos-Martins, A. F. Tillack, and S. Forli  #
# AutoDock Vina 1.2.0: New Docking Methods, Expanded Force      #
# Field, and Python Bindings, J. Chem. Inf. Model. (2021)       #
# DOI 10.1021/acs.jcim.1c00203                                  #
#                                                               #
# O. Trott, A. J. Olson,                                        #
# AutoDock Vina: improving the speed and accuracy of docking    #
# with a new scoring function, efficient optimization and       #
# multithreading, J. Comp. Chem. (2010)                         #
# DOI 10.1002/jcc.21334                                         #
#                                                               #
# Please see https://github.com/ccsb-scripps/AutoDock-Vina for  #
# more information.                                             #
#################################################################

Scoring function : vina
Rigid receptor: /Users/kattayunensafitakaldani/Documents/AutodockScript/malaria_pdbqt/4I23_1C9_O77239.pdbqt
Ligand: /Users/kattayunensafitakaldani/Documents/AutodockScript/ligand_pdbqt/6UNS_4RGJ_LDN.pdbqt
Grid center: X -6.65716 Y -2.56186 Z 11.0255
Grid size  : X 24.706 Y 24.706 Z 24.706
Grid space : 0.375
Exhaustiveness: 8
CPU: 1
Verbosity: 1

Computing Vina grid ... done.
Performing docking (random seed: 346652949) ... 
0%   10   20   30   40   50   60   70   80   90   100%
|----|----|----|----|----|----|----|----|----|----|
***************************************************

mode |   affinity | dist from best mode
     | (kcal/mol) | rmsd l.b.| rmsd u.b.
-----+------------+----------+----------
   1       -10.53          0          0
   2       -10.21      1.915      10.61
   3        -9.87      1.475      2.874
   4       -9.755       2.03      10.23
   5       -9.744      1.363      2.188
   6        -9.74      1.721      10.39
   7        -9.57      1.747      10.52
   8       -9.471      1.649      2.844
   9        -8.98      5.577      8.535
