AutoDock Vina v1.2.7
#################################################################
# If you used AutoDock Vina in your work, please cite:          #
#                                                               #
# J. Eberhardt, D. Santos-Martins, A. F. Tillack, and S. Forli  #
# AutoDock Vina 1.2.0: New Docking Methods, Expanded Force      #
# Field, and Python Bindings, J. Chem. Inf. Model. (2021)       #
# DOI 10.1021/acs.jcim.1c00203                                  #
#                                                               #
# O. Trott, A. J. Olson,                                        #
# AutoDock Vina: improving the speed and accuracy of docking    #
# with a new scoring function, efficient optimization and       #
# multithreading, J. Comp. Chem. (2010)                         #
# DOI 10.1002/jcc.21334                                         #
#                                                               #
# Please see https://github.com/ccsb-scripps/AutoDock-Vina for  #
# more information.                                             #
#################################################################

Scoring function : vina
Rigid receptor: /Users/kattayunensafitakaldani/Downloads/AutodockScript/malaria_pdbqt/1D8A_TCL_Q9BJJ9.pdbqt
Ligand: /Users/kattayunensafitakaldani/Downloads/AutodockScript/ligand_pdbqt/1D8A_TCL_Q9BJJ9.pdbqt
Grid center: X 9.43878 Y 0.59163 Z -6.59424
Grid size  : X 22.061 Y 22.061 Z 22.061
Grid space : 0.375
Exhaustiveness: 8
CPU: 1
Verbosity: 1

Computing Vina grid ... done.
Performing docking (random seed: -166259768) ... 
0%   10   20   30   40   50   60   70   80   90   100%
|----|----|----|----|----|----|----|----|----|----|
***************************************************

mode |   affinity | dist from best mode
     | (kcal/mol) | rmsd l.b.| rmsd u.b.
-----+------------+----------+----------
   1       -7.791          0          0
   2       -7.724      1.134      5.827
   3       -7.382      2.463      3.007
   4       -7.309      1.497      6.072
   5       -7.308      2.523      6.254
   6       -7.233      2.042      6.241
   7       -7.209      1.644      2.054
   8       -6.928        1.8      2.176
   9       -6.884      1.972      6.214
