AutoDock Vina v1.2.7
#################################################################
# If you used AutoDock Vina in your work, please cite:          #
#                                                               #
# J. Eberhardt, D. Santos-Martins, A. F. Tillack, and S. Forli  #
# AutoDock Vina 1.2.0: New Docking Methods, Expanded Force      #
# Field, and Python Bindings, J. Chem. Inf. Model. (2021)       #
# DOI 10.1021/acs.jcim.1c00203                                  #
#                                                               #
# O. Trott, A. J. Olson,                                        #
# AutoDock Vina: improving the speed and accuracy of docking    #
# with a new scoring function, efficient optimization and       #
# multithreading, J. Comp. Chem. (2010)                         #
# DOI 10.1002/jcc.21334                                         #
#                                                               #
# Please see https://github.com/ccsb-scripps/AutoDock-Vina for  #
# more information.                                             #
#################################################################

Scoring function : vina
Rigid receptor: /Users/kattayunensafitakaldani/Downloads/AutodockScript/malaria_pdbqt/1ZRZ_BI1_O15865.pdbqt
Ligand: /Users/kattayunensafitakaldani/Downloads/AutodockScript/ligand_pdbqt/1ZRZ_BI1_O15865.pdbqt
Grid center: X -9.61252 Y 2.99816 Z -5.31936
Grid size  : X 20.989 Y 20.989 Z 20.989
Grid space : 0.375
Exhaustiveness: 8
CPU: 1
Verbosity: 1

Computing Vina grid ... done.
Performing docking (random seed: 1332012481) ... 
0%   10   20   30   40   50   60   70   80   90   100%
|----|----|----|----|----|----|----|----|----|----|
***************************************************

mode |   affinity | dist from best mode
     | (kcal/mol) | rmsd l.b.| rmsd u.b.
-----+------------+----------+----------
   1       -8.404          0          0
   2       -8.373      1.729      2.405
   3       -8.047      1.938      6.375
   4       -7.817      3.184      7.331
   5       -7.762      2.429      7.102
   6       -7.736      2.822      7.641
   7       -7.662      2.989      6.006
   8       -7.656      3.399      8.049
   9       -7.623      2.416      7.055
