AutoDock Vina v1.2.7
#################################################################
# If you used AutoDock Vina in your work, please cite:          #
#                                                               #
# J. Eberhardt, D. Santos-Martins, A. F. Tillack, and S. Forli  #
# AutoDock Vina 1.2.0: New Docking Methods, Expanded Force      #
# Field, and Python Bindings, J. Chem. Inf. Model. (2021)       #
# DOI 10.1021/acs.jcim.1c00203                                  #
#                                                               #
# O. Trott, A. J. Olson,                                        #
# AutoDock Vina: improving the speed and accuracy of docking    #
# with a new scoring function, efficient optimization and       #
# multithreading, J. Comp. Chem. (2010)                         #
# DOI 10.1002/jcc.21334                                         #
#                                                               #
# Please see https://github.com/ccsb-scripps/AutoDock-Vina for  #
# more information.                                             #
#################################################################

Scoring function : vina
Rigid receptor: /Users/kattayunensafitakaldani/Downloads/AutodockScript/malaria_pdbqt/2Y7J_B49_P62343.pdbqt
Ligand: /Users/kattayunensafitakaldani/Downloads/AutodockScript/ligand_pdbqt/2Y7J_B49_P62343.pdbqt
Grid center: X 5.39544 Y 10.3844 Z 3.52869
Grid size  : X 24.034 Y 24.034 Z 24.034
Grid space : 0.375
Exhaustiveness: 8
CPU: 1
Verbosity: 1

Computing Vina grid ... done.
Performing docking (random seed: 297989360) ... 
0%   10   20   30   40   50   60   70   80   90   100%
|----|----|----|----|----|----|----|----|----|----|
***************************************************

mode |   affinity | dist from best mode
     | (kcal/mol) | rmsd l.b.| rmsd u.b.
-----+------------+----------+----------
   1       -8.351          0          0
   2       -8.034      5.011      8.526
   3       -7.799      2.465      4.033
   4       -7.771      5.573      8.546
   5       -7.745      5.845      8.842
   6       -7.743      3.166      9.425
   7       -7.659      5.963      9.145
   8       -7.646      3.086      9.469
   9       -7.514      3.962      5.357
