AutoDock Vina v1.2.7
#################################################################
# If you used AutoDock Vina in your work, please cite:          #
#                                                               #
# J. Eberhardt, D. Santos-Martins, A. F. Tillack, and S. Forli  #
# AutoDock Vina 1.2.0: New Docking Methods, Expanded Force      #
# Field, and Python Bindings, J. Chem. Inf. Model. (2021)       #
# DOI 10.1021/acs.jcim.1c00203                                  #
#                                                               #
# O. Trott, A. J. Olson,                                        #
# AutoDock Vina: improving the speed and accuracy of docking    #
# with a new scoring function, efficient optimization and       #
# multithreading, J. Comp. Chem. (2010)                         #
# DOI 10.1002/jcc.21334                                         #
#                                                               #
# Please see https://github.com/ccsb-scripps/AutoDock-Vina for  #
# more information.                                             #
#################################################################

Scoring function : vina
Rigid receptor: /Users/kattayunensafitakaldani/Downloads/AutodockScript/malaria_pdbqt/3FBV_APJ_Q25826.pdbqt
Ligand: /Users/kattayunensafitakaldani/Downloads/AutodockScript/ligand_pdbqt/3FBV_APJ_Q25826.pdbqt
Grid center: X -2.54027 Y 0.798387 Z 11.9259
Grid size  : X 21.196 Y 21.196 Z 21.196
Grid space : 0.375
Exhaustiveness: 8
CPU: 1
Verbosity: 1

Computing Vina grid ... done.
Performing docking (random seed: 1901933181) ... 
0%   10   20   30   40   50   60   70   80   90   100%
|----|----|----|----|----|----|----|----|----|----|
***************************************************

mode |   affinity | dist from best mode
     | (kcal/mol) | rmsd l.b.| rmsd u.b.
-----+------------+----------+----------
   1        -8.26          0          0
   2       -8.222      1.404      9.472
   3       -7.808      1.586      9.659
   4       -7.798      1.063      1.693
   5       -7.711      1.551      2.114
   6       -7.411      4.147      8.663
   7        -7.26      2.589      3.691
   8       -7.223       1.96      10.02
   9       -7.028       1.59      2.455
