AutoDock Vina v1.2.7
#################################################################
# If you used AutoDock Vina in your work, please cite:          #
#                                                               #
# J. Eberhardt, D. Santos-Martins, A. F. Tillack, and S. Forli  #
# AutoDock Vina 1.2.0: New Docking Methods, Expanded Force      #
# Field, and Python Bindings, J. Chem. Inf. Model. (2021)       #
# DOI 10.1021/acs.jcim.1c00203                                  #
#                                                               #
# O. Trott, A. J. Olson,                                        #
# AutoDock Vina: improving the speed and accuracy of docking    #
# with a new scoring function, efficient optimization and       #
# multithreading, J. Comp. Chem. (2010)                         #
# DOI 10.1002/jcc.21334                                         #
#                                                               #
# Please see https://github.com/ccsb-scripps/AutoDock-Vina for  #
# more information.                                             #
#################################################################

Scoring function : vina
Rigid receptor: /Users/kattayunensafitakaldani/Downloads/AutodockScript/malaria_pdbqt/3SDJ_APJ_A0A0L7M403.pdbqt
Ligand: /Users/kattayunensafitakaldani/Downloads/AutodockScript/ligand_pdbqt/3SDJ_APJ_A0A0L7M403.pdbqt
Grid center: X -2.97591 Y -2.28618 Z 7.43811
Grid size  : X 23.336 Y 23.336 Z 23.336
Grid space : 0.375
Exhaustiveness: 8
CPU: 1
Verbosity: 1

Computing Vina grid ... done.
Performing docking (random seed: 4973707) ... 
0%   10   20   30   40   50   60   70   80   90   100%
|----|----|----|----|----|----|----|----|----|----|
***************************************************

mode |   affinity | dist from best mode
     | (kcal/mol) | rmsd l.b.| rmsd u.b.
-----+------------+----------+----------
   1       -7.973          0          0
   2       -7.878      1.514      2.312
   3       -7.684      1.538      2.233
   4       -7.589      1.359      9.875
   5       -7.587      3.139      4.266
   6       -7.579       3.76      6.896
   7       -7.451      3.276      8.972
   8       -7.438      3.592      8.896
   9        -7.41      1.812       2.22
