AutoDock Vina v1.2.7
#################################################################
# If you used AutoDock Vina in your work, please cite:          #
#                                                               #
# J. Eberhardt, D. Santos-Martins, A. F. Tillack, and S. Forli  #
# AutoDock Vina 1.2.0: New Docking Methods, Expanded Force      #
# Field, and Python Bindings, J. Chem. Inf. Model. (2021)       #
# DOI 10.1021/acs.jcim.1c00203                                  #
#                                                               #
# O. Trott, A. J. Olson,                                        #
# AutoDock Vina: improving the speed and accuracy of docking    #
# with a new scoring function, efficient optimization and       #
# multithreading, J. Comp. Chem. (2010)                         #
# DOI 10.1002/jcc.21334                                         #
#                                                               #
# Please see https://github.com/ccsb-scripps/AutoDock-Vina for  #
# more information.                                             #
#################################################################

Scoring function : vina
Rigid receptor: /Users/kattayunensafitakaldani/Documents/AutodockScript/malaria_pdbqt/2X9E_SVE_P62343.pdbqt
Ligand: /Users/kattayunensafitakaldani/Documents/AutodockScript/ligand_pdbqt/3TNE_RIT_P46925.pdbqt
Grid center: X 4.70993 Y 12.8658 Z 1.3906
Grid size  : X 26.92 Y 26.92 Z 26.92
Grid space : 0.375
Exhaustiveness: 8
CPU: 1
Verbosity: 1

Computing Vina grid ... done.
Performing docking (random seed: -725448679) ... 
0%   10   20   30   40   50   60   70   80   90   100%
|----|----|----|----|----|----|----|----|----|----|
***************************************************

mode |   affinity | dist from best mode
     | (kcal/mol) | rmsd l.b.| rmsd u.b.
-----+------------+----------+----------
   1       -9.391          0          0
   2       -9.387      2.868      4.282
   3       -9.343      2.122      2.462
   4       -9.276      3.184      4.594
   5       -9.075      3.274      9.027
   6       -8.984      4.164      5.684
   7       -8.764      3.476      9.078
   8       -8.656      3.652       5.72
   9       -8.635      2.075      2.886
