AutoDock Vina v1.2.7
#################################################################
# If you used AutoDock Vina in your work, please cite:          #
#                                                               #
# J. Eberhardt, D. Santos-Martins, A. F. Tillack, and S. Forli  #
# AutoDock Vina 1.2.0: New Docking Methods, Expanded Force      #
# Field, and Python Bindings, J. Chem. Inf. Model. (2021)       #
# DOI 10.1021/acs.jcim.1c00203                                  #
#                                                               #
# O. Trott, A. J. Olson,                                        #
# AutoDock Vina: improving the speed and accuracy of docking    #
# with a new scoring function, efficient optimization and       #
# multithreading, J. Comp. Chem. (2010)                         #
# DOI 10.1002/jcc.21334                                         #
#                                                               #
# Please see https://github.com/ccsb-scripps/AutoDock-Vina for  #
# more information.                                             #
#################################################################

Scoring function : vina
Rigid receptor: /Users/kattayunensafitakaldani/Documents/AutodockScript/malaria_pdbqt/4QMN_DB8_O77239.pdbqt
Ligand: /Users/kattayunensafitakaldani/Documents/AutodockScript/ligand_pdbqt/1SA4_JAN_A0FDU2.pdbqt
Grid center: X -6.28719 Y -3.10592 Z 11.3793
Grid size  : X 27.282 Y 27.282 Z 27.282
Grid space : 0.375
Exhaustiveness: 8
CPU: 1
Verbosity: 1

Computing Vina grid ... done.
Performing docking (random seed: -2037181279) ... 
0%   10   20   30   40   50   60   70   80   90   100%
|----|----|----|----|----|----|----|----|----|----|
***************************************************

mode |   affinity | dist from best mode
     | (kcal/mol) | rmsd l.b.| rmsd u.b.
-----+------------+----------+----------
   1       -11.47          0          0
   2        -11.2      2.516      5.577
   3       -10.91      2.504      6.719
   4       -10.42      3.115      6.856
   5       -9.901      2.538      5.024
   6       -9.456      3.446      7.189
   7       -9.428        3.4      6.601
   8       -9.386      3.398      6.506
   9       -9.252      3.394       5.89
