AutoDock Vina v1.2.7
#################################################################
# If you used AutoDock Vina in your work, please cite:          #
#                                                               #
# J. Eberhardt, D. Santos-Martins, A. F. Tillack, and S. Forli  #
# AutoDock Vina 1.2.0: New Docking Methods, Expanded Force      #
# Field, and Python Bindings, J. Chem. Inf. Model. (2021)       #
# DOI 10.1021/acs.jcim.1c00203                                  #
#                                                               #
# O. Trott, A. J. Olson,                                        #
# AutoDock Vina: improving the speed and accuracy of docking    #
# with a new scoring function, efficient optimization and       #
# multithreading, J. Comp. Chem. (2010)                         #
# DOI 10.1002/jcc.21334                                         #
#                                                               #
# Please see https://github.com/ccsb-scripps/AutoDock-Vina for  #
# more information.                                             #
#################################################################

Scoring function : vina
Rigid receptor: /Users/kattayunensafitakaldani/Documents/AutodockScript/malaria_pdbqt/3SFX_JAN_Q5EI74.pdbqt
Ligand: /Users/kattayunensafitakaldani/Documents/AutodockScript/ligand_pdbqt/6UNS_4RGJ_LDN.pdbqt
Grid center: X 0.352289 Y 9.87138 Z -4.1636
Grid size  : X 22.809 Y 22.809 Z 22.809
Grid space : 0.375
Exhaustiveness: 8
CPU: 1
Verbosity: 1

Computing Vina grid ... done.
Performing docking (random seed: -910282650) ... 
0%   10   20   30   40   50   60   70   80   90   100%
|----|----|----|----|----|----|----|----|----|----|
***************************************************

mode |   affinity | dist from best mode
     | (kcal/mol) | rmsd l.b.| rmsd u.b.
-----+------------+----------+----------
   1       -8.908          0          0
   2       -8.799       2.18      10.36
   3       -8.645      2.165      10.59
   4       -8.592      7.257      11.41
   5       -8.582        2.8      9.856
   6       -8.544      1.903      10.15
   7        -8.52      2.057      10.45
   8       -8.511      1.988      10.34
   9       -8.304      2.329      10.55
