AutoDock Vina v1.2.7
#################################################################
# If you used AutoDock Vina in your work, please cite:          #
#                                                               #
# J. Eberhardt, D. Santos-Martins, A. F. Tillack, and S. Forli  #
# AutoDock Vina 1.2.0: New Docking Methods, Expanded Force      #
# Field, and Python Bindings, J. Chem. Inf. Model. (2021)       #
# DOI 10.1021/acs.jcim.1c00203                                  #
#                                                               #
# O. Trott, A. J. Olson,                                        #
# AutoDock Vina: improving the speed and accuracy of docking    #
# with a new scoring function, efficient optimization and       #
# multithreading, J. Comp. Chem. (2010)                         #
# DOI 10.1002/jcc.21334                                         #
#                                                               #
# Please see https://github.com/ccsb-scripps/AutoDock-Vina for  #
# more information.                                             #
#################################################################

Scoring function : vina
Rigid receptor: /Users/kattayunensafitakaldani/Documents/AutodockScript/malaria_pdbqt/2VRX_447_O15865.pdbqt
Ligand: /Users/kattayunensafitakaldani/Documents/AutodockScript/ligand_pdbqt/6UNS_4RGJ_LDN.pdbqt
Grid center: X -8.87194 Y 2.13943 Z -6.60817
Grid size  : X 33.868 Y 33.868 Z 33.868
Grid space : 0.375
Exhaustiveness: 8
CPU: 1
Verbosity: 1

WARNING: Search space volume is greater than 27000 Angstrom^3 (See FAQ)
Computing Vina grid ... done.
Performing docking (random seed: 1795350444) ... 
0%   10   20   30   40   50   60   70   80   90   100%
|----|----|----|----|----|----|----|----|----|----|
***************************************************

mode |   affinity | dist from best mode
     | (kcal/mol) | rmsd l.b.| rmsd u.b.
-----+------------+----------+----------
   1       -9.978          0          0
   2       -9.519      3.449      9.304
   3       -9.481      4.602      7.041
   4       -8.954      2.262      3.789
   5       -8.746      1.869      10.53
   6       -8.699      1.703      2.313
   7       -8.421       5.31      10.08
   8        -8.42      5.154      10.09
   9       -8.292      2.487      11.02
